2025-10-06 07:02:29,548 INFO Set uid to user 0 succeeded
2025-10-06 07:02:29,550 INFO supervisord started with pid 1
2025-10-06 07:02:30,555 INFO spawned: 'php-fpm' with pid 2
2025-10-06 07:02:30,557 INFO spawned: 'nginx' with pid 3
2025-10-06 07:02:31,585 INFO success: php-fpm entered RUNNING state, process has stayed up for > than 1 seconds (startsecs)
2025-10-06 07:02:31,585 INFO success: nginx entered RUNNING state, process has stayed up for > than 1 seconds (startsecs)
2025-10-22 09:38:23,635 INFO Set uid to user 0 succeeded
2025-10-22 09:38:23,638 INFO supervisord started with pid 1
2025-10-22 09:38:24,643 INFO spawned: 'php-fpm' with pid 2
2025-10-22 09:38:24,644 INFO spawned: 'nginx' with pid 3
2025-10-22 09:38:25,799 INFO success: php-fpm entered RUNNING state, process has stayed up for > than 1 seconds (startsecs)
2025-10-22 09:38:25,799 INFO success: nginx entered RUNNING state, process has stayed up for > than 1 seconds (startsecs)
2025-10-22 10:30:54,272 INFO exited: nginx (exit status 0; expected)
2025-10-22 10:30:54,272 WARN received SIGTERM indicating exit request
2025-10-22 10:30:54,272 INFO waiting for php-fpm to die
2025-10-22 10:30:54,419 INFO exited: php-fpm (exit status 0; expected)
2025-10-22 10:32:44,193 INFO Set uid to user 0 succeeded
2025-10-22 10:32:44,195 INFO supervisord started with pid 1
2025-10-22 10:32:45,200 INFO spawned: 'php-fpm' with pid 2
2025-10-22 10:32:45,203 INFO spawned: 'nginx' with pid 3
2025-10-22 10:32:46,336 INFO success: php-fpm entered RUNNING state, process has stayed up for > than 1 seconds (startsecs)
2025-10-22 10:32:46,336 INFO success: nginx entered RUNNING state, process has stayed up for > than 1 seconds (startsecs)
2025-10-28 05:33:38,081 INFO exited: nginx (exit status 0; expected)
2025-10-28 05:33:38,081 WARN received SIGTERM indicating exit request
2025-10-28 05:33:38,082 INFO waiting for php-fpm to die
2025-10-28 05:33:38,104 INFO exited: php-fpm (exit status 0; expected)
2025-10-28 05:37:51,143 INFO Set uid to user 0 succeeded
2025-10-28 05:37:51,145 INFO supervisord started with pid 1
2025-10-28 05:37:52,150 INFO spawned: 'php-fpm' with pid 2
2025-10-28 05:37:52,151 INFO spawned: 'nginx' with pid 3
2025-10-28 05:37:53,304 INFO success: php-fpm entered RUNNING state, process has stayed up for > than 1 seconds (startsecs)
2025-10-28 05:37:53,304 INFO success: nginx entered RUNNING state, process has stayed up for > than 1 seconds (startsecs)
2025-10-30 02:25:22,837 INFO exited: nginx (exit status 0; expected)
2025-10-30 02:25:22,838 WARN received SIGTERM indicating exit request
2025-10-30 02:25:22,838 INFO waiting for php-fpm to die
2025-10-30 02:25:22,871 INFO exited: php-fpm (exit status 0; expected)
2025-10-30 02:38:22,363 INFO Set uid to user 0 succeeded
2025-10-30 02:38:22,366 INFO supervisord started with pid 1
2025-10-30 02:38:23,375 INFO spawned: 'php-fpm' with pid 2
2025-10-30 02:38:23,377 INFO spawned: 'nginx' with pid 3
2025-10-30 02:38:24,608 INFO success: php-fpm entered RUNNING state, process has stayed up for > than 1 seconds (startsecs)
2025-10-30 02:38:24,608 INFO success: nginx entered RUNNING state, process has stayed up for > than 1 seconds (startsecs)
2025-11-21 07:18:32,929 INFO exited: nginx (exit status 0; expected)
2025-11-21 07:18:32,929 WARN received SIGTERM indicating exit request
2025-11-21 07:18:32,929 INFO waiting for php-fpm to die
2025-11-21 07:18:32,949 INFO exited: php-fpm (exit status 0; expected)
2025-12-09 04:17:06,453 INFO Set uid to user 0 succeeded
2025-12-09 04:17:06,455 INFO supervisord started with pid 1
2025-12-09 04:17:07,464 INFO spawned: 'php-fpm' with pid 2
2025-12-09 04:17:07,466 INFO spawned: 'nginx' with pid 3
2025-12-09 04:17:08,736 INFO success: php-fpm entered RUNNING state, process has stayed up for > than 1 seconds (startsecs)
2025-12-09 04:17:08,737 INFO success: nginx entered RUNNING state, process has stayed up for > than 1 seconds (startsecs)
2025-12-09 04:45:23,028 WARN received SIGTERM indicating exit request
2025-12-09 04:45:23,029 INFO waiting for php-fpm, nginx to die
2025-12-09 04:45:23,038 INFO stopped: nginx (exit status 0)
2025-12-09 04:45:23,069 INFO stopped: php-fpm (exit status 0)
2025-12-09 06:16:57,626 INFO Set uid to user 0 succeeded
2025-12-09 06:16:57,632 INFO supervisord started with pid 1
2025-12-09 06:16:58,637 INFO spawned: 'php-fpm' with pid 2
2025-12-09 06:16:58,640 INFO spawned: 'nginx' with pid 3
2025-12-09 06:17:00,138 INFO success: php-fpm entered RUNNING state, process has stayed up for > than 1 seconds (startsecs)
2025-12-09 06:17:00,139 INFO success: nginx entered RUNNING state, process has stayed up for > than 1 seconds (startsecs)
2025-12-10 03:30:57,483 WARN received SIGTERM indicating exit request
2025-12-10 03:30:57,484 INFO waiting for php-fpm, nginx to die
2025-12-10 03:30:57,496 INFO exited: php-fpm (exit status 0; expected)
2025-12-10 03:30:57,496 INFO stopped: nginx (exit status 0)
2025-12-10 03:33:04,195 INFO Set uid to user 0 succeeded
2025-12-10 03:33:04,207 INFO supervisord started with pid 1
2025-12-10 03:33:05,211 INFO spawned: 'php-fpm' with pid 2
2025-12-10 03:33:05,214 INFO spawned: 'nginx' with pid 3
2025-12-10 03:33:06,718 INFO success: php-fpm entered RUNNING state, process has stayed up for > than 1 seconds (startsecs)
2025-12-10 03:33:06,718 INFO success: nginx entered RUNNING state, process has stayed up for > than 1 seconds (startsecs)
2025-12-10 03:34:26,834 WARN received SIGTERM indicating exit request
2025-12-10 03:34:26,834 INFO waiting for php-fpm, nginx to die
2025-12-10 03:34:26,842 INFO stopped: nginx (exit status 0)
2025-12-10 03:34:26,857 INFO stopped: php-fpm (exit status 0)
2025-12-10 03:49:42,048 INFO Set uid to user 0 succeeded
2025-12-10 03:49:42,054 INFO supervisord started with pid 1
2025-12-10 03:49:43,059 INFO spawned: 'php-fpm' with pid 2
2025-12-10 03:49:43,061 INFO spawned: 'nginx' with pid 3
2025-12-10 03:49:44,549 INFO success: php-fpm entered RUNNING state, process has stayed up for > than 1 seconds (startsecs)
2025-12-10 03:49:44,549 INFO success: nginx entered RUNNING state, process has stayed up for > than 1 seconds (startsecs)
